<?xml version="1.0" encoding="UTF-8"?>
<!-- Generated by org.testng.reporters.JUnitXMLReporter -->
<testsuite hostname="DESKTOP-UH1U7QV" ignored="8" name="Test" tests="5" failures="0" timestamp="17 may 2023 18:12:37 GMT" time="1.689" errors="0">
  <testcase name="login" time="0.521" classname="EjercicioEntrevista.LogInPage"/>
  <testcase name="agregarArticulos" time="0.272" classname="EjercicioEntrevista.AgregaProductos"/>
  <testcase name="carritoCompras" time="0.202" classname="EjercicioEntrevista.ValidaArticulosCarrito"/>
  <testcase name="aplicarCompra" time="0.558" classname="EjercicioEntrevista.Comprar"/>
  <testcase name="compraConcluida" time="0.083" classname="EjercicioEntrevista.CompraTerminada"/>
  <testcase name="@BeforeSuite instanciaChrome" time="0.0" classname="EjercicioEntrevista.IniciaChrome">
    <ignored/>
  </testcase> <!-- @BeforeSuite instanciaChrome -->
  <testcase name="@BeforeSuite instanciaChrome" time="0.0" classname="EjercicioEntrevista.IniciaChrome">
    <ignored/>
  </testcase> <!-- @BeforeSuite instanciaChrome -->
  <testcase name="@BeforeSuite instanciaChrome" time="0.0" classname="EjercicioEntrevista.IniciaChrome">
    <ignored/>
  </testcase> <!-- @BeforeSuite instanciaChrome -->
  <testcase name="@BeforeSuite instanciaChrome" time="0.0" classname="EjercicioEntrevista.IniciaChrome">
    <ignored/>
  </testcase> <!-- @BeforeSuite instanciaChrome -->
  <testcase name="@AfterSuite cierraChrome" time="0.0" classname="EjercicioEntrevista.IniciaChrome">
    <ignored/>
  </testcase> <!-- @AfterSuite cierraChrome -->
  <testcase name="@AfterSuite cierraChrome" time="0.0" classname="EjercicioEntrevista.IniciaChrome">
    <ignored/>
  </testcase> <!-- @AfterSuite cierraChrome -->
  <testcase name="@AfterSuite cierraChrome" time="0.0" classname="EjercicioEntrevista.IniciaChrome">
    <ignored/>
  </testcase> <!-- @AfterSuite cierraChrome -->
  <testcase name="@AfterSuite cierraChrome" time="0.0" classname="EjercicioEntrevista.IniciaChrome">
    <ignored/>
  </testcase> <!-- @AfterSuite cierraChrome -->
</testsuite> <!-- Test -->
